(1.03, 0.01, 0.64, 0.64, 59, 6, 11)
(1.03, 0.01, 0.64, 0.68, 59, 6, 11)
(1.03, 0.01, 0.64, 0.72, 59, 6, 11)
(1.03, 0.01, 0.64, 0.76, 59, 6, 11)
(1.03, 0.01, 0.64, 0.8, 59, 6, 11)
(1.03, 0.01, 0.68, 0.64, 59, 6, 11)
(1.03, 0.01, 0.68, 0.68, 59, 6, 11)
(1.03, 0.01, 0.68, 0.72, 59, 6, 11)
(1.03, 0.01, 0.68, 0.76, 59, 6, 11)
(1.03, 0.01, 0.68, 0.8, 59, 6, 11)
(1.03, 0.01, 0.72, 0.64, 58, 7, 11)
(1.03, 0.01, 0.72, 0.68, 58, 7, 11)
(1.03, 0.01, 0.72, 0.72, 58, 7, 11)
(1.03, 0.01, 0.72, 0.76, 58, 7, 11)
(1.03, 0.01, 0.72, 0.8, 58, 7, 11)
(1.03, 0.01, 0.76, 0.64, 57, 8, 11)
(1.03, 0.01, 0.76, 0.68, 57, 8, 11)
(1.03, 0.01, 0.76, 0.72, 57, 8, 11)
(1.03, 0.01, 0.76, 0.76, 57, 8, 11)
(1.03, 0.01, 0.76, 0.8, 57, 8, 11)
(1.03, 0.01, 0.8, 0.64, 56, 7, 13)
(1.03, 0.01, 0.8, 0.68, 56, 7, 13)
(1.03, 0.01, 0.8, 0.72, 56, 7, 13)
(1.03, 0.01, 0.8, 0.76, 56, 7, 13)
(1.03, 0.01, 0.8, 0.8, 56, 7, 13)
(1.03, 0.03, 0.64, 0.64, 59, 6, 11)
(1.03, 0.03, 0.64, 0.68, 59, 6, 11)
(1.03, 0.03, 0.64, 0.72, 59, 6, 11)
(1.03, 0.03, 0.64, 0.76, 59, 6, 11)
(1.03, 0.03, 0.64, 0.8, 59, 6, 11)
(1.03, 0.03, 0.68, 0.64, 59, 6, 11)
(1.03, 0.03, 0.68, 0.68, 59, 6, 11)
(1.03, 0.03, 0.68, 0.72, 59, 6, 11)
(1.03, 0.03, 0.68, 0.76, 59, 6, 11)
(1.03, 0.03, 0.68, 0.8, 59, 6, 11)
(1.03, 0.03, 0.72, 0.64, 58, 7, 11)
(1.03, 0.03, 0.72, 0.68, 58, 7, 11)
(1.03, 0.03, 0.72, 0.72, 58, 7, 11)
(1.03, 0.03, 0.72, 0.76, 58, 7, 11)
(1.03, 0.03, 0.72, 0.8, 58, 7, 11)
(1.03, 0.03, 0.76, 0.64, 57, 8, 11)
(1.03, 0.03, 0.76, 0.68, 57, 8, 11)
(1.03, 0.03, 0.76, 0.72, 57, 8, 11)
(1.03, 0.03, 0.76, 0.76, 57, 8, 11)
(1.03, 0.03, 0.76, 0.8, 57, 8, 11)
(1.03, 0.03, 0.8, 0.64, 56, 7, 13)
(1.03, 0.03, 0.8, 0.68, 56, 7, 13)
(1.03, 0.03, 0.8, 0.72, 56, 7, 13)
(1.03, 0.03, 0.8, 0.76, 56, 7, 13)
(1.03, 0.03, 0.8, 0.8, 56, 7, 13)
(1.03, 0.05, 0.64, 0.64, 59, 6, 11)
(1.03, 0.05, 0.64, 0.68, 59, 6, 11)
(1.03, 0.05, 0.64, 0.72, 59, 6, 11)
(1.03, 0.05, 0.64, 0.76, 59, 6, 11)
(1.03, 0.05, 0.64, 0.8, 59, 6, 11)
(1.03, 0.05, 0.68, 0.64, 59, 6, 11)
(1.03, 0.05, 0.68, 0.68, 59, 6, 11)
(1.03, 0.05, 0.68, 0.72, 59, 6, 11)
(1.03, 0.05, 0.68, 0.76, 59, 6, 11)
(1.03, 0.05, 0.68, 0.8, 59, 6, 11)
(1.03, 0.05, 0.72, 0.64, 58, 7, 11)
(1.03, 0.05, 0.72, 0.68, 58, 7, 11)
(1.03, 0.05, 0.72, 0.72, 58, 7, 11)
(1.03, 0.05, 0.72, 0.76, 58, 7, 11)
(1.03, 0.05, 0.72, 0.8, 58, 7, 11)
(1.03, 0.05, 0.76, 0.64, 57, 8, 11)
(1.03, 0.05, 0.76, 0.68, 57, 8, 11)
(1.03, 0.05, 0.76, 0.72, 57, 8, 11)
(1.03, 0.05, 0.76, 0.76, 57, 8, 11)
(1.03, 0.05, 0.76, 0.8, 57, 8, 11)
(1.03, 0.05, 0.8, 0.64, 56, 7, 13)
(1.03, 0.05, 0.8, 0.68, 56, 7, 13)
(1.03, 0.05, 0.8, 0.72, 56, 7, 13)
(1.03, 0.05, 0.8, 0.76, 56, 7, 13)
(1.03, 0.05, 0.8, 0.8, 56, 7, 13)
(1.05, 0.01, 0.64, 0.64, 59, 6, 11)
(1.05, 0.01, 0.64, 0.68, 59, 6, 11)
(1.05, 0.01, 0.64, 0.72, 59, 6, 11)
(1.05, 0.01, 0.64, 0.76, 59, 6, 11)
(1.05, 0.01, 0.64, 0.8, 59, 6, 11)
(1.05, 0.01, 0.68, 0.64, 59, 6, 11)
(1.05, 0.01, 0.68, 0.68, 59, 6, 11)
(1.05, 0.01, 0.68, 0.72, 59, 6, 11)
(1.05, 0.01, 0.68, 0.76, 59, 6, 11)
(1.05, 0.01, 0.68, 0.8, 59, 6, 11)
(1.05, 0.01, 0.72, 0.64, 58, 7, 11)
(1.05, 0.01, 0.72, 0.68, 58, 7, 11)
(1.05, 0.01, 0.72, 0.72, 58, 7, 11)
(1.05, 0.01, 0.72, 0.76, 58, 7, 11)
(1.05, 0.01, 0.72, 0.8, 58, 7, 11)
(1.05, 0.01, 0.76, 0.64, 57, 8, 11)
(1.05, 0.01, 0.76, 0.68, 57, 8, 11)
(1.05, 0.01, 0.76, 0.72, 57, 8, 11)
(1.05, 0.01, 0.76, 0.76, 57, 8, 11)
(1.05, 0.01, 0.76, 0.8, 57, 8, 11)
(1.05, 0.01, 0.8, 0.64, 56, 7, 13)
(1.05, 0.01, 0.8, 0.68, 56, 7, 13)
(1.05, 0.01, 0.8, 0.72, 56, 7, 13)
(1.05, 0.01, 0.8, 0.76, 56, 7, 13)
(1.05, 0.01, 0.8, 0.8, 56, 7, 13)
(1.05, 0.03, 0.64, 0.64, 59, 6, 11)
(1.05, 0.03, 0.64, 0.68, 59, 6, 11)
(1.05, 0.03, 0.64, 0.72, 59, 6, 11)
(1.05, 0.03, 0.64, 0.76, 59, 6, 11)
(1.05, 0.03, 0.64, 0.8, 59, 6, 11)
(1.05, 0.03, 0.68, 0.64, 59, 6, 11)
(1.05, 0.03, 0.68, 0.68, 59, 6, 11)
(1.05, 0.03, 0.68, 0.72, 59, 6, 11)
(1.05, 0.03, 0.68, 0.76, 59, 6, 11)
(1.05, 0.03, 0.68, 0.8, 59, 6, 11)
(1.05, 0.03, 0.72, 0.64, 58, 7, 11)
(1.05, 0.03, 0.72, 0.68, 58, 7, 11)
(1.05, 0.03, 0.72, 0.72, 58, 7, 11)
(1.05, 0.03, 0.72, 0.76, 58, 7, 11)
(1.05, 0.03, 0.72, 0.8, 58, 7, 11)
(1.05, 0.03, 0.76, 0.64, 57, 8, 11)
(1.05, 0.03, 0.76, 0.68, 57, 8, 11)
(1.05, 0.03, 0.76, 0.72, 57, 8, 11)
(1.05, 0.03, 0.76, 0.76, 57, 8, 11)
(1.05, 0.03, 0.76, 0.8, 57, 8, 11)
(1.05, 0.03, 0.8, 0.64, 56, 7, 13)
(1.05, 0.03, 0.8, 0.68, 56, 7, 13)
(1.05, 0.03, 0.8, 0.72, 56, 7, 13)
(1.05, 0.03, 0.8, 0.76, 56, 7, 13)
(1.05, 0.03, 0.8, 0.8, 56, 7, 13)
(1.05, 0.05, 0.64, 0.64, 59, 6, 11)
(1.05, 0.05, 0.64, 0.68, 59, 6, 11)
(1.05, 0.05, 0.64, 0.72, 59, 6, 11)
(1.05, 0.05, 0.64, 0.76, 59, 6, 11)
(1.05, 0.05, 0.64, 0.8, 59, 6, 11)
(1.05, 0.05, 0.68, 0.64, 59, 6, 11)
(1.05, 0.05, 0.68, 0.68, 59, 6, 11)
(1.05, 0.05, 0.68, 0.72, 59, 6, 11)
(1.05, 0.05, 0.68, 0.76, 59, 6, 11)
(1.05, 0.05, 0.68, 0.8, 59, 6, 11)
(1.05, 0.05, 0.72, 0.64, 58, 7, 11)
(1.05, 0.05, 0.72, 0.68, 58, 7, 11)
(1.05, 0.05, 0.72, 0.72, 58, 7, 11)
(1.05, 0.05, 0.72, 0.76, 58, 7, 11)
(1.05, 0.05, 0.72, 0.8, 58, 7, 11)
(1.05, 0.05, 0.76, 0.64, 57, 8, 11)
(1.05, 0.05, 0.76, 0.68, 57, 8, 11)
(1.05, 0.05, 0.76, 0.72, 57, 8, 11)
(1.05, 0.05, 0.76, 0.76, 57, 8, 11)
(1.05, 0.05, 0.76, 0.8, 57, 8, 11)
(1.05, 0.05, 0.8, 0.64, 56, 7, 13)
(1.05, 0.05, 0.8, 0.68, 56, 7, 13)
(1.05, 0.05, 0.8, 0.72, 56, 7, 13)
(1.05, 0.05, 0.8, 0.76, 56, 7, 13)
(1.05, 0.05, 0.8, 0.8, 56, 7, 13)
~~~~~~~~~~~~~~
Length: 1.03 ... Delta: 0.01 ... Marginal Val: 0.64 ...Min Cross: 0.64 ... F1 Score: 0.874074074074
Length: 1.03 ... Delta: 0.01 ... Marginal Val: 0.64 ...Min Cross: 0.68 ... F1 Score: 0.874074074074
Length: 1.03 ... Delta: 0.01 ... Marginal Val: 0.64 ...Min Cross: 0.72 ... F1 Score: 0.874074074074
Length: 1.03 ... Delta: 0.01 ... Marginal Val: 0.64 ...Min Cross: 0.76 ... F1 Score: 0.874074074074
Length: 1.03 ... Delta: 0.01 ... Marginal Val: 0.64 ...Min Cross: 0.8 ... F1 Score: 0.874074074074
Length: 1.03 ... Delta: 0.01 ... Marginal Val: 0.68 ...Min Cross: 0.64 ... F1 Score: 0.874074074074
Length: 1.03 ... Delta: 0.01 ... Marginal Val: 0.68 ...Min Cross: 0.68 ... F1 Score: 0.874074074074
Length: 1.03 ... Delta: 0.01 ... Marginal Val: 0.68 ...Min Cross: 0.72 ... F1 Score: 0.874074074074
Length: 1.03 ... Delta: 0.01 ... Marginal Val: 0.68 ...Min Cross: 0.76 ... F1 Score: 0.874074074074
Length: 1.03 ... Delta: 0.01 ... Marginal Val: 0.68 ...Min Cross: 0.8 ... F1 Score: 0.874074074074
Length: 1.03 ... Delta: 0.01 ... Marginal Val: 0.72 ...Min Cross: 0.64 ... F1 Score: 0.865671641791
Length: 1.03 ... Delta: 0.01 ... Marginal Val: 0.72 ...Min Cross: 0.68 ... F1 Score: 0.865671641791
Length: 1.03 ... Delta: 0.01 ... Marginal Val: 0.72 ...Min Cross: 0.72 ... F1 Score: 0.865671641791
Length: 1.03 ... Delta: 0.01 ... Marginal Val: 0.72 ...Min Cross: 0.76 ... F1 Score: 0.865671641791
Length: 1.03 ... Delta: 0.01 ... Marginal Val: 0.72 ...Min Cross: 0.8 ... F1 Score: 0.865671641791
Length: 1.03 ... Delta: 0.01 ... Marginal Val: 0.76 ...Min Cross: 0.64 ... F1 Score: 0.857142857143
Length: 1.03 ... Delta: 0.01 ... Marginal Val: 0.76 ...Min Cross: 0.68 ... F1 Score: 0.857142857143
Length: 1.03 ... Delta: 0.01 ... Marginal Val: 0.76 ...Min Cross: 0.72 ... F1 Score: 0.857142857143
Length: 1.03 ... Delta: 0.01 ... Marginal Val: 0.76 ...Min Cross: 0.76 ... F1 Score: 0.857142857143
Length: 1.03 ... Delta: 0.01 ... Marginal Val: 0.76 ...Min Cross: 0.8 ... F1 Score: 0.857142857143
Length: 1.03 ... Delta: 0.01 ... Marginal Val: 0.8 ...Min Cross: 0.64 ... F1 Score: 0.848484848485
Length: 1.03 ... Delta: 0.01 ... Marginal Val: 0.8 ...Min Cross: 0.68 ... F1 Score: 0.848484848485
Length: 1.03 ... Delta: 0.01 ... Marginal Val: 0.8 ...Min Cross: 0.72 ... F1 Score: 0.848484848485
Length: 1.03 ... Delta: 0.01 ... Marginal Val: 0.8 ...Min Cross: 0.76 ... F1 Score: 0.848484848485
Length: 1.03 ... Delta: 0.01 ... Marginal Val: 0.8 ...Min Cross: 0.8 ... F1 Score: 0.848484848485
Length: 1.03 ... Delta: 0.03 ... Marginal Val: 0.64 ...Min Cross: 0.64 ... F1 Score: 0.874074074074
Length: 1.03 ... Delta: 0.03 ... Marginal Val: 0.64 ...Min Cross: 0.68 ... F1 Score: 0.874074074074
Length: 1.03 ... Delta: 0.03 ... Marginal Val: 0.64 ...Min Cross: 0.72 ... F1 Score: 0.874074074074
Length: 1.03 ... Delta: 0.03 ... Marginal Val: 0.64 ...Min Cross: 0.76 ... F1 Score: 0.874074074074
Length: 1.03 ... Delta: 0.03 ... Marginal Val: 0.64 ...Min Cross: 0.8 ... F1 Score: 0.874074074074
Length: 1.03 ... Delta: 0.03 ... Marginal Val: 0.68 ...Min Cross: 0.64 ... F1 Score: 0.874074074074
Length: 1.03 ... Delta: 0.03 ... Marginal Val: 0.68 ...Min Cross: 0.68 ... F1 Score: 0.874074074074
Length: 1.03 ... Delta: 0.03 ... Marginal Val: 0.68 ...Min Cross: 0.72 ... F1 Score: 0.874074074074
Length: 1.03 ... Delta: 0.03 ... Marginal Val: 0.68 ...Min Cross: 0.76 ... F1 Score: 0.874074074074
Length: 1.03 ... Delta: 0.03 ... Marginal Val: 0.68 ...Min Cross: 0.8 ... F1 Score: 0.874074074074
Length: 1.03 ... Delta: 0.03 ... Marginal Val: 0.72 ...Min Cross: 0.64 ... F1 Score: 0.865671641791
Length: 1.03 ... Delta: 0.03 ... Marginal Val: 0.72 ...Min Cross: 0.68 ... F1 Score: 0.865671641791
Length: 1.03 ... Delta: 0.03 ... Marginal Val: 0.72 ...Min Cross: 0.72 ... F1 Score: 0.865671641791
Length: 1.03 ... Delta: 0.03 ... Marginal Val: 0.72 ...Min Cross: 0.76 ... F1 Score: 0.865671641791
Length: 1.03 ... Delta: 0.03 ... Marginal Val: 0.72 ...Min Cross: 0.8 ... F1 Score: 0.865671641791
Length: 1.03 ... Delta: 0.03 ... Marginal Val: 0.76 ...Min Cross: 0.64 ... F1 Score: 0.857142857143
Length: 1.03 ... Delta: 0.03 ... Marginal Val: 0.76 ...Min Cross: 0.68 ... F1 Score: 0.857142857143
Length: 1.03 ... Delta: 0.03 ... Marginal Val: 0.76 ...Min Cross: 0.72 ... F1 Score: 0.857142857143
Length: 1.03 ... Delta: 0.03 ... Marginal Val: 0.76 ...Min Cross: 0.76 ... F1 Score: 0.857142857143
Length: 1.03 ... Delta: 0.03 ... Marginal Val: 0.76 ...Min Cross: 0.8 ... F1 Score: 0.857142857143
Length: 1.03 ... Delta: 0.03 ... Marginal Val: 0.8 ...Min Cross: 0.64 ... F1 Score: 0.848484848485
Length: 1.03 ... Delta: 0.03 ... Marginal Val: 0.8 ...Min Cross: 0.68 ... F1 Score: 0.848484848485
Length: 1.03 ... Delta: 0.03 ... Marginal Val: 0.8 ...Min Cross: 0.72 ... F1 Score: 0.848484848485
Length: 1.03 ... Delta: 0.03 ... Marginal Val: 0.8 ...Min Cross: 0.76 ... F1 Score: 0.848484848485
Length: 1.03 ... Delta: 0.03 ... Marginal Val: 0.8 ...Min Cross: 0.8 ... F1 Score: 0.848484848485
Length: 1.03 ... Delta: 0.05 ... Marginal Val: 0.64 ...Min Cross: 0.64 ... F1 Score: 0.874074074074
Length: 1.03 ... Delta: 0.05 ... Marginal Val: 0.64 ...Min Cross: 0.68 ... F1 Score: 0.874074074074
Length: 1.03 ... Delta: 0.05 ... Marginal Val: 0.64 ...Min Cross: 0.72 ... F1 Score: 0.874074074074
Length: 1.03 ... Delta: 0.05 ... Marginal Val: 0.64 ...Min Cross: 0.76 ... F1 Score: 0.874074074074
Length: 1.03 ... Delta: 0.05 ... Marginal Val: 0.64 ...Min Cross: 0.8 ... F1 Score: 0.874074074074
Length: 1.03 ... Delta: 0.05 ... Marginal Val: 0.68 ...Min Cross: 0.64 ... F1 Score: 0.874074074074
Length: 1.03 ... Delta: 0.05 ... Marginal Val: 0.68 ...Min Cross: 0.68 ... F1 Score: 0.874074074074
Length: 1.03 ... Delta: 0.05 ... Marginal Val: 0.68 ...Min Cross: 0.72 ... F1 Score: 0.874074074074
Length: 1.03 ... Delta: 0.05 ... Marginal Val: 0.68 ...Min Cross: 0.76 ... F1 Score: 0.874074074074
Length: 1.03 ... Delta: 0.05 ... Marginal Val: 0.68 ...Min Cross: 0.8 ... F1 Score: 0.874074074074
Length: 1.03 ... Delta: 0.05 ... Marginal Val: 0.72 ...Min Cross: 0.64 ... F1 Score: 0.865671641791
Length: 1.03 ... Delta: 0.05 ... Marginal Val: 0.72 ...Min Cross: 0.68 ... F1 Score: 0.865671641791
Length: 1.03 ... Delta: 0.05 ... Marginal Val: 0.72 ...Min Cross: 0.72 ... F1 Score: 0.865671641791
Length: 1.03 ... Delta: 0.05 ... Marginal Val: 0.72 ...Min Cross: 0.76 ... F1 Score: 0.865671641791
Length: 1.03 ... Delta: 0.05 ... Marginal Val: 0.72 ...Min Cross: 0.8 ... F1 Score: 0.865671641791
Length: 1.03 ... Delta: 0.05 ... Marginal Val: 0.76 ...Min Cross: 0.64 ... F1 Score: 0.857142857143
Length: 1.03 ... Delta: 0.05 ... Marginal Val: 0.76 ...Min Cross: 0.68 ... F1 Score: 0.857142857143
Length: 1.03 ... Delta: 0.05 ... Marginal Val: 0.76 ...Min Cross: 0.72 ... F1 Score: 0.857142857143
Length: 1.03 ... Delta: 0.05 ... Marginal Val: 0.76 ...Min Cross: 0.76 ... F1 Score: 0.857142857143
Length: 1.03 ... Delta: 0.05 ... Marginal Val: 0.76 ...Min Cross: 0.8 ... F1 Score: 0.857142857143
Length: 1.03 ... Delta: 0.05 ... Marginal Val: 0.8 ...Min Cross: 0.64 ... F1 Score: 0.848484848485
Length: 1.03 ... Delta: 0.05 ... Marginal Val: 0.8 ...Min Cross: 0.68 ... F1 Score: 0.848484848485
Length: 1.03 ... Delta: 0.05 ... Marginal Val: 0.8 ...Min Cross: 0.72 ... F1 Score: 0.848484848485
Length: 1.03 ... Delta: 0.05 ... Marginal Val: 0.8 ...Min Cross: 0.76 ... F1 Score: 0.848484848485
Length: 1.03 ... Delta: 0.05 ... Marginal Val: 0.8 ...Min Cross: 0.8 ... F1 Score: 0.848484848485
Length: 1.05 ... Delta: 0.01 ... Marginal Val: 0.64 ...Min Cross: 0.64 ... F1 Score: 0.874074074074
Length: 1.05 ... Delta: 0.01 ... Marginal Val: 0.64 ...Min Cross: 0.68 ... F1 Score: 0.874074074074
Length: 1.05 ... Delta: 0.01 ... Marginal Val: 0.64 ...Min Cross: 0.72 ... F1 Score: 0.874074074074
Length: 1.05 ... Delta: 0.01 ... Marginal Val: 0.64 ...Min Cross: 0.76 ... F1 Score: 0.874074074074
Length: 1.05 ... Delta: 0.01 ... Marginal Val: 0.64 ...Min Cross: 0.8 ... F1 Score: 0.874074074074
Length: 1.05 ... Delta: 0.01 ... Marginal Val: 0.68 ...Min Cross: 0.64 ... F1 Score: 0.874074074074
Length: 1.05 ... Delta: 0.01 ... Marginal Val: 0.68 ...Min Cross: 0.68 ... F1 Score: 0.874074074074
Length: 1.05 ... Delta: 0.01 ... Marginal Val: 0.68 ...Min Cross: 0.72 ... F1 Score: 0.874074074074
Length: 1.05 ... Delta: 0.01 ... Marginal Val: 0.68 ...Min Cross: 0.76 ... F1 Score: 0.874074074074
Length: 1.05 ... Delta: 0.01 ... Marginal Val: 0.68 ...Min Cross: 0.8 ... F1 Score: 0.874074074074
Length: 1.05 ... Delta: 0.01 ... Marginal Val: 0.72 ...Min Cross: 0.64 ... F1 Score: 0.865671641791
Length: 1.05 ... Delta: 0.01 ... Marginal Val: 0.72 ...Min Cross: 0.68 ... F1 Score: 0.865671641791
Length: 1.05 ... Delta: 0.01 ... Marginal Val: 0.72 ...Min Cross: 0.72 ... F1 Score: 0.865671641791
Length: 1.05 ... Delta: 0.01 ... Marginal Val: 0.72 ...Min Cross: 0.76 ... F1 Score: 0.865671641791
Length: 1.05 ... Delta: 0.01 ... Marginal Val: 0.72 ...Min Cross: 0.8 ... F1 Score: 0.865671641791
Length: 1.05 ... Delta: 0.01 ... Marginal Val: 0.76 ...Min Cross: 0.64 ... F1 Score: 0.857142857143
Length: 1.05 ... Delta: 0.01 ... Marginal Val: 0.76 ...Min Cross: 0.68 ... F1 Score: 0.857142857143
Length: 1.05 ... Delta: 0.01 ... Marginal Val: 0.76 ...Min Cross: 0.72 ... F1 Score: 0.857142857143
Length: 1.05 ... Delta: 0.01 ... Marginal Val: 0.76 ...Min Cross: 0.76 ... F1 Score: 0.857142857143
Length: 1.05 ... Delta: 0.01 ... Marginal Val: 0.76 ...Min Cross: 0.8 ... F1 Score: 0.857142857143
Length: 1.05 ... Delta: 0.01 ... Marginal Val: 0.8 ...Min Cross: 0.64 ... F1 Score: 0.848484848485
Length: 1.05 ... Delta: 0.01 ... Marginal Val: 0.8 ...Min Cross: 0.68 ... F1 Score: 0.848484848485
Length: 1.05 ... Delta: 0.01 ... Marginal Val: 0.8 ...Min Cross: 0.72 ... F1 Score: 0.848484848485
Length: 1.05 ... Delta: 0.01 ... Marginal Val: 0.8 ...Min Cross: 0.76 ... F1 Score: 0.848484848485
Length: 1.05 ... Delta: 0.01 ... Marginal Val: 0.8 ...Min Cross: 0.8 ... F1 Score: 0.848484848485
Length: 1.05 ... Delta: 0.03 ... Marginal Val: 0.64 ...Min Cross: 0.64 ... F1 Score: 0.874074074074
Length: 1.05 ... Delta: 0.03 ... Marginal Val: 0.64 ...Min Cross: 0.68 ... F1 Score: 0.874074074074
Length: 1.05 ... Delta: 0.03 ... Marginal Val: 0.64 ...Min Cross: 0.72 ... F1 Score: 0.874074074074
Length: 1.05 ... Delta: 0.03 ... Marginal Val: 0.64 ...Min Cross: 0.76 ... F1 Score: 0.874074074074
Length: 1.05 ... Delta: 0.03 ... Marginal Val: 0.64 ...Min Cross: 0.8 ... F1 Score: 0.874074074074
Length: 1.05 ... Delta: 0.03 ... Marginal Val: 0.68 ...Min Cross: 0.64 ... F1 Score: 0.874074074074
Length: 1.05 ... Delta: 0.03 ... Marginal Val: 0.68 ...Min Cross: 0.68 ... F1 Score: 0.874074074074
Length: 1.05 ... Delta: 0.03 ... Marginal Val: 0.68 ...Min Cross: 0.72 ... F1 Score: 0.874074074074
Length: 1.05 ... Delta: 0.03 ... Marginal Val: 0.68 ...Min Cross: 0.76 ... F1 Score: 0.874074074074
Length: 1.05 ... Delta: 0.03 ... Marginal Val: 0.68 ...Min Cross: 0.8 ... F1 Score: 0.874074074074
Length: 1.05 ... Delta: 0.03 ... Marginal Val: 0.72 ...Min Cross: 0.64 ... F1 Score: 0.865671641791
Length: 1.05 ... Delta: 0.03 ... Marginal Val: 0.72 ...Min Cross: 0.68 ... F1 Score: 0.865671641791
Length: 1.05 ... Delta: 0.03 ... Marginal Val: 0.72 ...Min Cross: 0.72 ... F1 Score: 0.865671641791
Length: 1.05 ... Delta: 0.03 ... Marginal Val: 0.72 ...Min Cross: 0.76 ... F1 Score: 0.865671641791
Length: 1.05 ... Delta: 0.03 ... Marginal Val: 0.72 ...Min Cross: 0.8 ... F1 Score: 0.865671641791
Length: 1.05 ... Delta: 0.03 ... Marginal Val: 0.76 ...Min Cross: 0.64 ... F1 Score: 0.857142857143
Length: 1.05 ... Delta: 0.03 ... Marginal Val: 0.76 ...Min Cross: 0.68 ... F1 Score: 0.857142857143
Length: 1.05 ... Delta: 0.03 ... Marginal Val: 0.76 ...Min Cross: 0.72 ... F1 Score: 0.857142857143
Length: 1.05 ... Delta: 0.03 ... Marginal Val: 0.76 ...Min Cross: 0.76 ... F1 Score: 0.857142857143
Length: 1.05 ... Delta: 0.03 ... Marginal Val: 0.76 ...Min Cross: 0.8 ... F1 Score: 0.857142857143
Length: 1.05 ... Delta: 0.03 ... Marginal Val: 0.8 ...Min Cross: 0.64 ... F1 Score: 0.848484848485
Length: 1.05 ... Delta: 0.03 ... Marginal Val: 0.8 ...Min Cross: 0.68 ... F1 Score: 0.848484848485
Length: 1.05 ... Delta: 0.03 ... Marginal Val: 0.8 ...Min Cross: 0.72 ... F1 Score: 0.848484848485
Length: 1.05 ... Delta: 0.03 ... Marginal Val: 0.8 ...Min Cross: 0.76 ... F1 Score: 0.848484848485
Length: 1.05 ... Delta: 0.03 ... Marginal Val: 0.8 ...Min Cross: 0.8 ... F1 Score: 0.848484848485
Length: 1.05 ... Delta: 0.05 ... Marginal Val: 0.64 ...Min Cross: 0.64 ... F1 Score: 0.874074074074
Length: 1.05 ... Delta: 0.05 ... Marginal Val: 0.64 ...Min Cross: 0.68 ... F1 Score: 0.874074074074
Length: 1.05 ... Delta: 0.05 ... Marginal Val: 0.64 ...Min Cross: 0.72 ... F1 Score: 0.874074074074
Length: 1.05 ... Delta: 0.05 ... Marginal Val: 0.64 ...Min Cross: 0.76 ... F1 Score: 0.874074074074
Length: 1.05 ... Delta: 0.05 ... Marginal Val: 0.64 ...Min Cross: 0.8 ... F1 Score: 0.874074074074
Length: 1.05 ... Delta: 0.05 ... Marginal Val: 0.68 ...Min Cross: 0.64 ... F1 Score: 0.874074074074
Length: 1.05 ... Delta: 0.05 ... Marginal Val: 0.68 ...Min Cross: 0.68 ... F1 Score: 0.874074074074
Length: 1.05 ... Delta: 0.05 ... Marginal Val: 0.68 ...Min Cross: 0.72 ... F1 Score: 0.874074074074
Length: 1.05 ... Delta: 0.05 ... Marginal Val: 0.68 ...Min Cross: 0.76 ... F1 Score: 0.874074074074
Length: 1.05 ... Delta: 0.05 ... Marginal Val: 0.68 ...Min Cross: 0.8 ... F1 Score: 0.874074074074
Length: 1.05 ... Delta: 0.05 ... Marginal Val: 0.72 ...Min Cross: 0.64 ... F1 Score: 0.865671641791
Length: 1.05 ... Delta: 0.05 ... Marginal Val: 0.72 ...Min Cross: 0.68 ... F1 Score: 0.865671641791
Length: 1.05 ... Delta: 0.05 ... Marginal Val: 0.72 ...Min Cross: 0.72 ... F1 Score: 0.865671641791
Length: 1.05 ... Delta: 0.05 ... Marginal Val: 0.72 ...Min Cross: 0.76 ... F1 Score: 0.865671641791
Length: 1.05 ... Delta: 0.05 ... Marginal Val: 0.72 ...Min Cross: 0.8 ... F1 Score: 0.865671641791
Length: 1.05 ... Delta: 0.05 ... Marginal Val: 0.76 ...Min Cross: 0.64 ... F1 Score: 0.857142857143
Length: 1.05 ... Delta: 0.05 ... Marginal Val: 0.76 ...Min Cross: 0.68 ... F1 Score: 0.857142857143
Length: 1.05 ... Delta: 0.05 ... Marginal Val: 0.76 ...Min Cross: 0.72 ... F1 Score: 0.857142857143
Length: 1.05 ... Delta: 0.05 ... Marginal Val: 0.76 ...Min Cross: 0.76 ... F1 Score: 0.857142857143
Length: 1.05 ... Delta: 0.05 ... Marginal Val: 0.76 ...Min Cross: 0.8 ... F1 Score: 0.857142857143
Length: 1.05 ... Delta: 0.05 ... Marginal Val: 0.8 ...Min Cross: 0.64 ... F1 Score: 0.848484848485
Length: 1.05 ... Delta: 0.05 ... Marginal Val: 0.8 ...Min Cross: 0.68 ... F1 Score: 0.848484848485
Length: 1.05 ... Delta: 0.05 ... Marginal Val: 0.8 ...Min Cross: 0.72 ... F1 Score: 0.848484848485
Length: 1.05 ... Delta: 0.05 ... Marginal Val: 0.8 ...Min Cross: 0.76 ... F1 Score: 0.848484848485
Length: 1.05 ... Delta: 0.05 ... Marginal Val: 0.8 ...Min Cross: 0.8 ... F1 Score: 0.848484848485
~~~~~~~~~~~~~~
